Flow report for alarme
Sat Jan 30 16:37:46 2021
Quartus Prime Version 19.1.0 Build 670 09/22/2019 SJ Lite Edition


---------------------
; Table of Contents ;
---------------------
  1. Legal Notice
  2. Flow Summary
  3. Flow Settings
  4. Flow Non-Default Global Settings
  5. Flow Elapsed Time
  6. Flow OS Summary
  7. Flow Log
  8. Flow Messages
  9. Flow Suppressed Messages



----------------
; Legal Notice ;
----------------
Copyright (C) 2019  Intel Corporation. All rights reserved.
Your use of Intel Corporation's design tools, logic functions 
and other software and tools, and any partner logic 
functions, and any output files from any of the foregoing 
(including device programming or simulation files), and any 
associated documentation or information are expressly subject 
to the terms and conditions of the Intel Program License 
Subscription Agreement, the Intel Quartus Prime License Agreement,
the Intel FPGA IP License Agreement, or other applicable license
agreement, including, without limitation, that your use is for
the sole purpose of programming logic devices manufactured by
Intel and sold by Intel or its authorized distributors.  Please
refer to the applicable agreement for further details, at
https://fpgasoftware.intel.com/eula.



+----------------------------------------------------------------------------------------+
; Flow Summary                                                                           ;
+---------------------------------+------------------------------------------------------+
; Flow Status                     ; EDA Netlist Writer Failed - Sat Jan 30 16:37:46 2021 ;
; Quartus Prime Version           ; 19.1.0 Build 670 09/22/2019 SJ Lite Edition          ;
; Revision Name                   ; alarme                                               ;
; Top-level Entity Name           ; alarme                                               ;
; Family                          ; Cyclone V                                            ;
; Device                          ; 5CEFA4F23C7                                          ;
; Timing Models                   ; Final                                                ;
; Logic utilization (in ALMs)     ; N/A                                                  ;
; Total registers                 ; 22                                                   ;
; Total pins                      ; 6                                                    ;
; Total virtual pins              ; 0                                                    ;
; Total block memory bits         ; 0                                                    ;
; Total DSP Blocks                ; 0                                                    ;
; Total HSSI RX PCSs              ; 0                                                    ;
; Total HSSI PMA RX Deserializers ; 0                                                    ;
; Total HSSI TX PCSs              ; 0                                                    ;
; Total HSSI PMA TX Serializers   ; 0                                                    ;
; Total PLLs                      ; 0                                                    ;
; Total DLLs                      ; 0                                                    ;
+---------------------------------+------------------------------------------------------+


+-----------------------------------------+
; Flow Settings                           ;
+-------------------+---------------------+
; Option            ; Setting             ;
+-------------------+---------------------+
; Start date & time ; 01/30/2021 15:14:00 ;
; Main task         ; Compilation         ;
; Revision Name     ; alarme              ;
+-------------------+---------------------+


+-------------------------------------------------------------------------------------------------------------------------+
; Flow Non-Default Global Settings                                                                                        ;
+-------------------------------------+----------------------------------------+---------------+-------------+------------+
; Assignment Name                     ; Value                                  ; Default Value ; Entity Name ; Section Id ;
+-------------------------------------+----------------------------------------+---------------+-------------+------------+
; COMPILER_SIGNATURE_ID               ; 24062491136.161203043903456            ; --            ; --          ; --         ;
; MAX_CORE_JUNCTION_TEMP              ; 85                                     ; --            ; --          ; --         ;
; MIN_CORE_JUNCTION_TEMP              ; 0                                      ; --            ; --          ; --         ;
; PARTITION_COLOR                     ; -- (Not supported for targeted family) ; --            ; --          ; Top        ;
; PARTITION_FITTER_PRESERVATION_LEVEL ; -- (Not supported for targeted family) ; --            ; --          ; Top        ;
; PARTITION_NETLIST_TYPE              ; -- (Not supported for targeted family) ; --            ; --          ; Top        ;
; PROJECT_OUTPUT_DIRECTORY            ; output_files                           ; --            ; --          ; --         ;
+-------------------------------------+----------------------------------------+---------------+-------------+------------+


+--------------------------------------------------------------------------------------------------------------------------+
; Flow Elapsed Time                                                                                                        ;
+----------------------+--------------+-------------------------+---------------------+------------------------------------+
; Module Name          ; Elapsed Time ; Average Processors Used ; Peak Virtual Memory ; Total CPU Time (on all processors) ;
+----------------------+--------------+-------------------------+---------------------+------------------------------------+
; Analysis & Synthesis ; 00:00:23     ; 1.0                     ; 4849 MB             ; 00:00:42                           ;
; EDA Netlist Writer   ; 00:00:02     ; 1.0                     ; 4710 MB             ; 00:00:01                           ;
; EDA Netlist Writer   ; 00:00:01     ; 1.0                     ; 4712 MB             ; 00:00:01                           ;
; EDA Netlist Writer   ; 00:00:01     ; 1.0                     ; 4712 MB             ; 00:00:01                           ;
; Total                ; 00:00:27     ; --                      ; --                  ; 00:00:45                           ;
+----------------------+--------------+-------------------------+---------------------+------------------------------------+


+------------------------------------------------------------------------------------+
; Flow OS Summary                                                                    ;
+----------------------+------------------+------------+------------+----------------+
; Module Name          ; Machine Hostname ; OS Name    ; OS Version ; Processor type ;
+----------------------+------------------+------------+------------+----------------+
; Analysis & Synthesis ; DESKTOP-9AT3U5B  ; Windows 10 ; 10.0       ; x86_64         ;
; EDA Netlist Writer   ; DESKTOP-9AT3U5B  ; Windows 10 ; 10.0       ; x86_64         ;
; EDA Netlist Writer   ; DESKTOP-9AT3U5B  ; Windows 10 ; 10.0       ; x86_64         ;
; EDA Netlist Writer   ; DESKTOP-9AT3U5B  ; Windows 10 ; 10.0       ; x86_64         ;
+----------------------+------------------+------------+------------+----------------+


------------
; Flow Log ;
------------
quartus_map --read_settings_files=on --write_settings_files=off alarme -c alarme
quartus_eda --gen_testbench --tool=modelsim_oem --format=verilog --write_settings_files=off alarme -c alarme --vector_source="C:/Users/sasuk/Desktop/coisas academicas/Terceiro ano/Lab Dig/P2/alarme/Waveform.vwf" --testbench_file="C:/Users/sasuk/Desktop/coisas academicas/Terceiro ano/Lab Dig/P2/alarme/simulation/qsim/Waveform.vwf.vt"
quartus_eda --gen_testbench --tool=modelsim_oem --format=verilog --write_settings_files=off alarme -c alarme --vector_source="C:/Users/sasuk/Desktop/coisas academicas/Terceiro ano/Lab Dig/P2/alarme/Waveform.vwf" --testbench_file="C:/Users/sasuk/Desktop/coisas academicas/Terceiro ano/Lab Dig/P2/alarme/simulation/qsim/Waveform.vwf.vt"
quartus_sh --restore -output "C:/Users/sasuk/Desktop/coisas academicas/Terceiro ano/primeiro semestre/Lab Dig/P2/enviar/alarme_completo_restored/" -no_overwrite "C:/Users/sasuk/Desktop/coisas academicas/Terceiro ano/primeiro semestre/Lab Dig/P2/enviar/alarme_completo.qar"
quartus_eda --gen_testbench --tool=modelsim_oem --format=verilog --write_settings_files=off alarme -c alarme --vector_source="C:/Users/sasuk/Desktop/coisas academicas/Terceiro ano/Lab Dig/P2/alarme/Waveform.vwf" --testbench_file="C:/Users/sasuk/Desktop/coisas academicas/Terceiro ano/Lab Dig/P2/alarme/simulation/qsim/Waveform.vwf.vt"



