Flow report for maquina_estados
Sun Apr 26 20:55:00 2020
Quartus Prime Version 19.1.0 Build 670 09/22/2019 SJ Lite Edition


---------------------
; Table of Contents ;
---------------------
  1. Legal Notice
  2. Flow Summary
  3. Flow Settings
  4. Flow Non-Default Global Settings
  5. Flow Elapsed Time
  6. Flow OS Summary
  7. Flow Log
  8. Flow Messages
  9. Flow Suppressed Messages



----------------
; Legal Notice ;
----------------
Copyright (C) 2019  Intel Corporation. All rights reserved.
Your use of Intel Corporation's design tools, logic functions 
and other software and tools, and any partner logic 
functions, and any output files from any of the foregoing 
(including device programming or simulation files), and any 
associated documentation or information are expressly subject 
to the terms and conditions of the Intel Program License 
Subscription Agreement, the Intel Quartus Prime License Agreement,
the Intel FPGA IP License Agreement, or other applicable license
agreement, including, without limitation, that your use is for
the sole purpose of programming logic devices manufactured by
Intel and sold by Intel or its authorized distributors.  Please
refer to the applicable agreement for further details, at
https://fpgasoftware.intel.com/eula.



+-------------------------------------------------------------------------------+
; Flow Summary                                                                  ;
+---------------------------------+---------------------------------------------+
; Flow Status                     ; Successful - Sun Apr 26 20:55:00 2020       ;
; Quartus Prime Version           ; 19.1.0 Build 670 09/22/2019 SJ Lite Edition ;
; Revision Name                   ; maquina_estados                             ;
; Top-level Entity Name           ; maquina_estados                             ;
; Family                          ; Cyclone V                                   ;
; Device                          ; 5CEBA4F23C7                                 ;
; Timing Models                   ; Final                                       ;
; Logic utilization (in ALMs)     ; N/A                                         ;
; Total registers                 ; 7                                           ;
; Total pins                      ; 13                                          ;
; Total virtual pins              ; 0                                           ;
; Total block memory bits         ; 0                                           ;
; Total DSP Blocks                ; 0                                           ;
; Total HSSI RX PCSs              ; 0                                           ;
; Total HSSI PMA RX Deserializers ; 0                                           ;
; Total HSSI TX PCSs              ; 0                                           ;
; Total HSSI PMA TX Serializers   ; 0                                           ;
; Total PLLs                      ; 0                                           ;
; Total DLLs                      ; 0                                           ;
+---------------------------------+---------------------------------------------+


+-----------------------------------------+
; Flow Settings                           ;
+-------------------+---------------------+
; Option            ; Setting             ;
+-------------------+---------------------+
; Start date & time ; 04/25/2020 17:25:14 ;
; Main task         ; Compilation         ;
; Revision Name     ; maquina_estados     ;
+-------------------+---------------------+


+-------------------------------------------------------------------------------------------------------------------------+
; Flow Non-Default Global Settings                                                                                        ;
+-------------------------------------+----------------------------------------+---------------+-------------+------------+
; Assignment Name                     ; Value                                  ; Default Value ; Entity Name ; Section Id ;
+-------------------------------------+----------------------------------------+---------------+-------------+------------+
; COMPILER_SIGNATURE_ID               ; 260535869903416.158784631408184        ; --            ; --          ; --         ;
; MAX_CORE_JUNCTION_TEMP              ; 85                                     ; --            ; --          ; --         ;
; MIN_CORE_JUNCTION_TEMP              ; 0                                      ; --            ; --          ; --         ;
; PARTITION_COLOR                     ; -- (Not supported for targeted family) ; --            ; --          ; Top        ;
; PARTITION_FITTER_PRESERVATION_LEVEL ; -- (Not supported for targeted family) ; --            ; --          ; Top        ;
; PARTITION_NETLIST_TYPE              ; -- (Not supported for targeted family) ; --            ; --          ; Top        ;
; PROJECT_OUTPUT_DIRECTORY            ; output_files                           ; --            ; --          ; --         ;
+-------------------------------------+----------------------------------------+---------------+-------------+------------+


+--------------------------------------------------------------------------------------------------------------------------+
; Flow Elapsed Time                                                                                                        ;
+----------------------+--------------+-------------------------+---------------------+------------------------------------+
; Module Name          ; Elapsed Time ; Average Processors Used ; Peak Virtual Memory ; Total CPU Time (on all processors) ;
+----------------------+--------------+-------------------------+---------------------+------------------------------------+
; Analysis & Synthesis ; 00:00:21     ; 1.0                     ; 4852 MB             ; 00:00:43                           ;
; EDA Netlist Writer   ; 00:00:02     ; 1.0                     ; 4720 MB             ; 00:00:01                           ;
; EDA Netlist Writer   ; 00:00:01     ; 1.0                     ; 4723 MB             ; 00:00:01                           ;
; EDA Netlist Writer   ; 00:00:01     ; 1.0                     ; 4719 MB             ; 00:00:01                           ;
; EDA Netlist Writer   ; 00:00:01     ; 1.0                     ; 4723 MB             ; 00:00:01                           ;
; EDA Netlist Writer   ; 00:00:02     ; 1.0                     ; 4719 MB             ; 00:00:01                           ;
; EDA Netlist Writer   ; 00:00:01     ; 1.0                     ; 4723 MB             ; 00:00:01                           ;
; EDA Netlist Writer   ; 00:00:01     ; 1.0                     ; 4719 MB             ; 00:00:01                           ;
; EDA Netlist Writer   ; 00:00:02     ; 1.0                     ; 4723 MB             ; 00:00:01                           ;
; EDA Netlist Writer   ; 00:00:01     ; 1.0                     ; 4719 MB             ; 00:00:01                           ;
; EDA Netlist Writer   ; 00:00:01     ; 1.0                     ; 4723 MB             ; 00:00:01                           ;
; EDA Netlist Writer   ; 00:00:01     ; 1.0                     ; 4719 MB             ; 00:00:01                           ;
; EDA Netlist Writer   ; 00:00:01     ; 1.0                     ; 4719 MB             ; 00:00:01                           ;
; EDA Netlist Writer   ; 00:00:01     ; 1.0                     ; 4719 MB             ; 00:00:01                           ;
; EDA Netlist Writer   ; 00:00:01     ; 1.0                     ; 4719 MB             ; 00:00:01                           ;
; EDA Netlist Writer   ; 00:00:01     ; 1.0                     ; 4719 MB             ; 00:00:01                           ;
; EDA Netlist Writer   ; 00:00:02     ; 1.0                     ; 4723 MB             ; 00:00:01                           ;
; Total                ; 00:00:41     ; --                      ; --                  ; 00:00:59                           ;
+----------------------+--------------+-------------------------+---------------------+------------------------------------+


+------------------------------------------------------------------------------------+
; Flow OS Summary                                                                    ;
+----------------------+------------------+------------+------------+----------------+
; Module Name          ; Machine Hostname ; OS Name    ; OS Version ; Processor type ;
+----------------------+------------------+------------+------------+----------------+
; Analysis & Synthesis ; DESKTOP-9AT3U5B  ; Windows 10 ; 10.0       ; x86_64         ;
; EDA Netlist Writer   ; DESKTOP-9AT3U5B  ; Windows 10 ; 10.0       ; x86_64         ;
; EDA Netlist Writer   ; DESKTOP-9AT3U5B  ; Windows 10 ; 10.0       ; x86_64         ;
; EDA Netlist Writer   ; DESKTOP-9AT3U5B  ; Windows 10 ; 10.0       ; x86_64         ;
; EDA Netlist Writer   ; DESKTOP-9AT3U5B  ; Windows 10 ; 10.0       ; x86_64         ;
; EDA Netlist Writer   ; DESKTOP-9AT3U5B  ; Windows 10 ; 10.0       ; x86_64         ;
; EDA Netlist Writer   ; DESKTOP-9AT3U5B  ; Windows 10 ; 10.0       ; x86_64         ;
; EDA Netlist Writer   ; DESKTOP-9AT3U5B  ; Windows 10 ; 10.0       ; x86_64         ;
; EDA Netlist Writer   ; DESKTOP-9AT3U5B  ; Windows 10 ; 10.0       ; x86_64         ;
; EDA Netlist Writer   ; DESKTOP-9AT3U5B  ; Windows 10 ; 10.0       ; x86_64         ;
; EDA Netlist Writer   ; DESKTOP-9AT3U5B  ; Windows 10 ; 10.0       ; x86_64         ;
; EDA Netlist Writer   ; DESKTOP-9AT3U5B  ; Windows 10 ; 10.0       ; x86_64         ;
; EDA Netlist Writer   ; DESKTOP-9AT3U5B  ; Windows 10 ; 10.0       ; x86_64         ;
; EDA Netlist Writer   ; DESKTOP-9AT3U5B  ; Windows 10 ; 10.0       ; x86_64         ;
; EDA Netlist Writer   ; DESKTOP-9AT3U5B  ; Windows 10 ; 10.0       ; x86_64         ;
; EDA Netlist Writer   ; DESKTOP-9AT3U5B  ; Windows 10 ; 10.0       ; x86_64         ;
; EDA Netlist Writer   ; DESKTOP-9AT3U5B  ; Windows 10 ; 10.0       ; x86_64         ;
+----------------------+------------------+------------+------------+----------------+


------------
; Flow Log ;
------------
quartus_map --read_settings_files=on --write_settings_files=off maquina_estados -c maquina_estados
quartus_eda --gen_testbench --tool=modelsim_oem --format=vhdl --write_settings_files=off maquina_estados -c maquina_estados --vector_source="C:/Users/sasuk/Desktop/coisas academicas/Terceiro ano/Lab Dig/exp_6/Waveform.vwf" --testbench_file="C:/Users/sasuk/Desktop/coisas academicas/Terceiro ano/Lab Dig/exp_6/simulation/qsim/Waveform.vwf.vht"
quartus_eda --write_settings_files=off --simulation=on --functional=on --flatten_buses=off --tool=modelsim_oem --format=vhdl --output_directory="C:/Users/sasuk/Desktop/coisas academicas/Terceiro ano/Lab Dig/exp_6/simulation/qsim/" maquina_estados -c maquina_estados
quartus_eda --gen_testbench --tool=modelsim_oem --format=vhdl --write_settings_files=off maquina_estados -c maquina_estados --vector_source="C:/Users/sasuk/Desktop/coisas academicas/Terceiro ano/Lab Dig/exp_6/Waveform.vwf" --testbench_file="C:/Users/sasuk/Desktop/coisas academicas/Terceiro ano/Lab Dig/exp_6/simulation/qsim/Waveform.vwf.vht"
quartus_eda --write_settings_files=off --simulation=on --functional=on --flatten_buses=off --tool=modelsim_oem --format=vhdl --output_directory="C:/Users/sasuk/Desktop/coisas academicas/Terceiro ano/Lab Dig/exp_6/simulation/qsim/" maquina_estados -c maquina_estados
quartus_eda --gen_testbench --tool=modelsim_oem --format=vhdl --write_settings_files=off maquina_estados -c maquina_estados --vector_source="C:/Users/sasuk/Desktop/coisas academicas/Terceiro ano/Lab Dig/exp_6/Waveform.vwf" --testbench_file="C:/Users/sasuk/Desktop/coisas academicas/Terceiro ano/Lab Dig/exp_6/simulation/qsim/Waveform.vwf.vht"
quartus_eda --write_settings_files=off --simulation=on --functional=on --flatten_buses=off --tool=modelsim_oem --format=vhdl --output_directory="C:/Users/sasuk/Desktop/coisas academicas/Terceiro ano/Lab Dig/exp_6/simulation/qsim/" maquina_estados -c maquina_estados
quartus_eda --gen_testbench --tool=modelsim_oem --format=vhdl --write_settings_files=off maquina_estados -c maquina_estados --vector_source="C:/Users/sasuk/Desktop/coisas academicas/Terceiro ano/Lab Dig/exp_6/Waveform.vwf" --testbench_file="C:/Users/sasuk/Desktop/coisas academicas/Terceiro ano/Lab Dig/exp_6/simulation/qsim/Waveform.vwf.vht"
quartus_eda --write_settings_files=off --simulation=on --functional=on --flatten_buses=off --tool=modelsim_oem --format=vhdl --output_directory="C:/Users/sasuk/Desktop/coisas academicas/Terceiro ano/Lab Dig/exp_6/simulation/qsim/" maquina_estados -c maquina_estados
quartus_eda --gen_testbench --tool=modelsim_oem --format=vhdl --write_settings_files=off maquina_estados -c maquina_estados --vector_source="C:/Users/sasuk/Desktop/coisas academicas/Terceiro ano/Lab Dig/exp_6/Waveform.vwf" --testbench_file="C:/Users/sasuk/Desktop/coisas academicas/Terceiro ano/Lab Dig/exp_6/simulation/qsim/Waveform.vwf.vht"
quartus_eda --write_settings_files=off --simulation=on --functional=on --flatten_buses=off --tool=modelsim_oem --format=vhdl --output_directory="C:/Users/sasuk/Desktop/coisas academicas/Terceiro ano/Lab Dig/exp_6/simulation/qsim/" maquina_estados -c maquina_estados
quartus_eda --gen_testbench --tool=modelsim_oem --format=vhdl --write_settings_files=off maquina_estados -c maquina_estados --vector_source="C:/Users/sasuk/Desktop/coisas academicas/Terceiro ano/Lab Dig/exp_6/Waveform.vwf" --testbench_file="C:/Users/sasuk/Desktop/coisas academicas/Terceiro ano/Lab Dig/exp_6/simulation/qsim/Waveform.vwf.vht"
quartus_eda --gen_testbench --tool=modelsim_oem --format=vhdl --write_settings_files=off maquina_estados -c maquina_estados --vector_source="C:/Users/sasuk/Desktop/coisas academicas/Terceiro ano/Lab Dig/exp_6/Waveform.vwf" --testbench_file="C:/Users/sasuk/Desktop/coisas academicas/Terceiro ano/Lab Dig/exp_6/simulation/qsim/Waveform.vwf.vht"
quartus_eda --gen_testbench --tool=modelsim_oem --format=vhdl --write_settings_files=off maquina_estados -c maquina_estados --vector_source="C:/Users/sasuk/Desktop/coisas academicas/Terceiro ano/Lab Dig/exp_6/Waveform.vwf" --testbench_file="C:/Users/sasuk/Desktop/coisas academicas/Terceiro ano/Lab Dig/exp_6/simulation/qsim/Waveform.vwf.vht"
quartus_eda --gen_testbench --tool=modelsim_oem --format=vhdl --write_settings_files=off maquina_estados -c maquina_estados --vector_source="C:/Users/sasuk/Desktop/coisas academicas/Terceiro ano/Lab Dig/exp_6/Waveform.vwf" --testbench_file="C:/Users/sasuk/Desktop/coisas academicas/Terceiro ano/Lab Dig/exp_6/simulation/qsim/Waveform.vwf.vht"
quartus_eda --gen_testbench --tool=modelsim_oem --format=vhdl --write_settings_files=off maquina_estados -c maquina_estados --vector_source="C:/Users/sasuk/Desktop/coisas academicas/Terceiro ano/Lab Dig/exp_6/Waveform.vwf" --testbench_file="C:/Users/sasuk/Desktop/coisas academicas/Terceiro ano/Lab Dig/exp_6/simulation/qsim/Waveform.vwf.vht"
quartus_eda --write_settings_files=off --simulation=on --functional=on --flatten_buses=off --tool=modelsim_oem --format=vhdl --output_directory="C:/Users/sasuk/Desktop/coisas academicas/Terceiro ano/Lab Dig/exp_6/simulation/qsim/" maquina_estados -c maquina_estados



